Determining if the pthread_create exist failed with the following output:
Change Dir: /home/michael/URC_2022/build/CMakeFiles/CMakeTmp

Run Build Command:"/usr/bin/make" "cmTC_55081/fast"
/usr/bin/make -f CMakeFiles/cmTC_55081.dir/build.make CMakeFiles/cmTC_55081.dir/build
make[1]: Entering directory '/home/michael/URC_2022/build/CMakeFiles/CMakeTmp'
Building C object CMakeFiles/cmTC_55081.dir/CheckSymbolExists.c.o
/usr/bin/cc    -o CMakeFiles/cmTC_55081.dir/CheckSymbolExists.c.o   -c /home/michael/URC_2022/build/CMakeFiles/CMakeTmp/CheckSymbolExists.c
Linking C executable cmTC_55081
/usr/bin/cmake -E cmake_link_script CMakeFiles/cmTC_55081.dir/link.txt --verbose=1
/usr/bin/cc      -rdynamic CMakeFiles/cmTC_55081.dir/CheckSymbolExists.c.o  -o cmTC_55081 
CMakeFiles/cmTC_55081.dir/CheckSymbolExists.c.o: In function `main':
CheckSymbolExists.c:(.text+0x14): undefined reference to `pthread_create'
CheckSymbolExists.c:(.text+0x18): undefined reference to `pthread_create'
collect2: error: ld returned 1 exit status
CMakeFiles/cmTC_55081.dir/build.make:97: recipe for target 'cmTC_55081' failed
make[1]: *** [cmTC_55081] Error 1
make[1]: Leaving directory '/home/michael/URC_2022/build/CMakeFiles/CMakeTmp'
Makefile:126: recipe for target 'cmTC_55081/fast' failed
make: *** [cmTC_55081/fast] Error 2

File /home/michael/URC_2022/build/CMakeFiles/CMakeTmp/CheckSymbolExists.c:
/* */
#include <pthread.h>

int main(int argc, char** argv)
{
  (void)argv;
#ifndef pthread_create
  return ((int*)(&pthread_create))[argc];
#else
  (void)argc;
  return 0;
#endif
}

Determining if the function pthread_create exists in the pthreads failed with the following output:
Change Dir: /home/michael/URC_2022/build/CMakeFiles/CMakeTmp

Run Build Command:"/usr/bin/make" "cmTC_0c372/fast"
/usr/bin/make -f CMakeFiles/cmTC_0c372.dir/build.make CMakeFiles/cmTC_0c372.dir/build
make[1]: Entering directory '/home/michael/URC_2022/build/CMakeFiles/CMakeTmp'
Building C object CMakeFiles/cmTC_0c372.dir/CheckFunctionExists.c.o
/usr/bin/cc   -DCHECK_FUNCTION_EXISTS=pthread_create   -o CMakeFiles/cmTC_0c372.dir/CheckFunctionExists.c.o   -c /usr/share/cmake-3.10/Modules/CheckFunctionExists.c
Linking C executable cmTC_0c372
/usr/bin/cmake -E cmake_link_script CMakeFiles/cmTC_0c372.dir/link.txt --verbose=1
/usr/bin/cc  -DCHECK_FUNCTION_EXISTS=pthread_create    -rdynamic CMakeFiles/cmTC_0c372.dir/CheckFunctionExists.c.o  -o cmTC_0c372 -lpthreads 
/usr/bin/ld: cannot find -lpthreads
collect2: error: ld returned 1 exit status
CMakeFiles/cmTC_0c372.dir/build.make:97: recipe for target 'cmTC_0c372' failed
make[1]: *** [cmTC_0c372] Error 1
make[1]: Leaving directory '/home/michael/URC_2022/build/CMakeFiles/CMakeTmp'
Makefile:126: recipe for target 'cmTC_0c372/fast' failed
make: *** [cmTC_0c372/fast] Error 2


